빌드 시작: 2016-09-21 오후 6:54:50
     1>2 노드의 "C:\Documents and Settings\코무\my documents\visual studio 2010\Projects\analysis_mbr\analysis_mbr\analysis_mbr.vcxproj" 프로젝트(build 대상)입니다.
     1>InitializeBuildStatus:
         "AlwaysCreate"이(가) 지정되었기 때문에 "Debug\analysis_mbr.unsuccessfulbuild"을(를) 만들고 있습니다.
       ClCompile:
         C:\Program Files\Microsoft Visual Studio 10.0\VC\bin\CL.exe /c /ZI /nologo /W3 /WX- /Od /Oy- /D WIN32 /D _DEBUG /D _CONSOLE /Gm /EHsc /RTC1 /MDd /GS /fp:precise /Zc:wchar_t /Zc:forScope /Fo"Debug\\" /Fd"Debug\vc100.pdb" /Gd /TP /analyze- /errorReport:prompt mbr.cpp
         mbr.cpp
       ManifestResourceCompile:
         모든 출력이 최신 상태입니다.
       Link:
         C:\Program Files\Microsoft Visual Studio 10.0\VC\bin\link.exe /ERRORREPORT:PROMPT /OUT:"C:\Documents and Settings\코무\my documents\visual studio 2010\Projects\analysis_mbr\Debug\analysis_mbr.exe" /INCREMENTAL /NOLOGO kernel32.lib user32.lib gdi32.lib winspool.lib comdlg32.lib advapi32.lib shell32.lib ole32.lib oleaut32.lib uuid.lib odbc32.lib odbccp32.lib /MANIFEST /ManifestFile:"Debug\analysis_mbr.exe.intermediate.manifest" /MANIFESTUAC:"level='asInvoker' uiAccess='false'" /DEBUG /PDB:"C:\Documents and Settings\코무\my documents\visual studio 2010\Projects\analysis_mbr\Debug\analysis_mbr.pdb" /SUBSYSTEM:CONSOLE /TLBID:1 /DYNAMICBASE /NXCOMPAT /IMPLIB:"C:\Documents and Settings\코무\my documents\visual studio 2010\Projects\analysis_mbr\Debug\analysis_mbr.lib" /MACHINE:X86 Debug\analysis_mbr.exe.embed.manifest.res
         Debug\mbr.obj
       Manifest:
         C:\Program Files\Microsoft SDKs\Windows\v7.0A\bin\mt.exe /nologo /verbose /out:"Debug\analysis_mbr.exe.embed.manifest" /manifest Debug\analysis_mbr.exe.intermediate.manifest
         모든 출력이 최신 상태입니다.
       LinkEmbedManifest:
         모든 출력이 최신 상태입니다.
         analysis_mbr.vcxproj -> C:\Documents and Settings\코무\my documents\visual studio 2010\Projects\analysis_mbr\Debug\analysis_mbr.exe
       FinalizeBuildStatus:
         "Debug\analysis_mbr.unsuccessfulbuild" 파일을 삭제하고 있습니다.
         "Debug\analysis_mbr.lastbuildstate"에 연결(touching)하고 있습니다.
     1>"C:\Documents and Settings\코무\my documents\visual studio 2010\Projects\analysis_mbr\analysis_mbr\analysis_mbr.vcxproj" 프로젝트를 빌드했습니다(build 대상).

빌드했습니다.

경과 시간: 00:00:01.98
